06-Jun-2023 22:28:05.220 信息 [main] org.apache.catalina.startup.VersionLoggerListener.log Server.服务器版本: Apache Tomcat/10.1.9
06-Jun-2023 22:28:05.225 信息 [main] org.apache.catalina.startup.VersionLoggerListener.log 服务器构建:        May 9 2023 14:30:05 UTC
06-Jun-2023 22:28:05.225 信息 [main] org.apache.catalina.startup.VersionLoggerListener.log 服务器版本号:      10.1.9.0
06-Jun-2023 22:28:05.225 信息 [main] org.apache.catalina.startup.VersionLoggerListener.log 操作系统名称:      Windows 11
06-Jun-2023 22:28:05.225 信息 [main] org.apache.catalina.startup.VersionLoggerListener.log OS.版本:           10.0
06-Jun-2023 22:28:05.227 信息 [main] org.apache.catalina.startup.VersionLoggerListener.log 架构:              amd64
06-Jun-2023 22:28:05.227 信息 [main] org.apache.catalina.startup.VersionLoggerListener.log Java 环境变量:     C:\Program Files\Java\jdk-19
06-Jun-2023 22:28:05.227 信息 [main] org.apache.catalina.startup.VersionLoggerListener.log Java虚拟机版本:    19+36-2238
06-Jun-2023 22:28:05.228 信息 [main] org.apache.catalina.startup.VersionLoggerListener.log JVM.供应商:        Oracle Corporation
06-Jun-2023 22:28:05.228 信息 [main] org.apache.catalina.startup.VersionLoggerListener.log CATALINA_BASE:     C:\Users\duaho\Downloads\apache-tomcat-10.1.9-windows-x64\apache-tomcat-10.1.9
06-Jun-2023 22:28:05.228 信息 [main] org.apache.catalina.startup.VersionLoggerListener.log CATALINA_HOME:     C:\Users\duaho\Downloads\apache-tomcat-10.1.9-windows-x64\apache-tomcat-10.1.9
06-Jun-2023 22:28:05.242 信息 [main] org.apache.catalina.startup.VersionLoggerListener.log 命令行参数：       -Djava.util.logging.config.file=C:\Users\duaho\Downloads\apache-tomcat-10.1.9-windows-x64\apache-tomcat-10.1.9\conf\logging.properties
06-Jun-2023 22:28:05.242 信息 [main] org.apache.catalina.startup.VersionLoggerListener.log 命令行参数：       -Djava.util.logging.manager=org.apache.juli.ClassLoaderLogManager
06-Jun-2023 22:28:05.243 信息 [main] org.apache.catalina.startup.VersionLoggerListener.log 命令行参数：       -Djdk.tls.ephemeralDHKeySize=2048
06-Jun-2023 22:28:05.244 信息 [main] org.apache.catalina.startup.VersionLoggerListener.log 命令行参数：       -Djava.protocol.handler.pkgs=org.apache.catalina.webresources
06-Jun-2023 22:28:05.244 信息 [main] org.apache.catalina.startup.VersionLoggerListener.log 命令行参数：       --add-opens=java.base/java.lang=ALL-UNNAMED
06-Jun-2023 22:28:05.244 信息 [main] org.apache.catalina.startup.VersionLoggerListener.log 命令行参数：       --add-opens=java.base/java.io=ALL-UNNAMED
06-Jun-2023 22:28:05.244 信息 [main] org.apache.catalina.startup.VersionLoggerListener.log 命令行参数：       --add-opens=java.base/java.util=ALL-UNNAMED
06-Jun-2023 22:28:05.244 信息 [main] org.apache.catalina.startup.VersionLoggerListener.log 命令行参数：       --add-opens=java.base/java.util.concurrent=ALL-UNNAMED
06-Jun-2023 22:28:05.245 信息 [main] org.apache.catalina.startup.VersionLoggerListener.log 命令行参数：       --add-opens=java.rmi/sun.rmi.transport=ALL-UNNAMED
06-Jun-2023 22:28:05.245 信息 [main] org.apache.catalina.startup.VersionLoggerListener.log 命令行参数：       -Dcatalina.base=C:\Users\duaho\Downloads\apache-tomcat-10.1.9-windows-x64\apache-tomcat-10.1.9
06-Jun-2023 22:28:05.245 信息 [main] org.apache.catalina.startup.VersionLoggerListener.log 命令行参数：       -Dcatalina.home=C:\Users\duaho\Downloads\apache-tomcat-10.1.9-windows-x64\apache-tomcat-10.1.9
06-Jun-2023 22:28:05.245 信息 [main] org.apache.catalina.startup.VersionLoggerListener.log 命令行参数：       -Djava.io.tmpdir=C:\Users\duaho\Downloads\apache-tomcat-10.1.9-windows-x64\apache-tomcat-10.1.9\temp
06-Jun-2023 22:28:05.247 信息 [main] org.apache.catalina.core.AprLifecycleListener.lifecycleEvent 使用APR版本[1.7.2]加载了基于APR的Apache Tomcat本机库[2.0.3]。
06-Jun-2023 22:28:05.252 信息 [main] org.apache.catalina.core.AprLifecycleListener.initializeSSL OpenSSL成功初始化 [OpenSSL 3.0.8 7 Feb 2023]
06-Jun-2023 22:28:05.474 信息 [main] org.apache.coyote.AbstractProtocol.init 初始化协议处理器 ["http-nio-8080"]
06-Jun-2023 22:28:05.496 信息 [main] org.apache.catalina.startup.Catalina.load 服务器在[453]毫秒内初始化
06-Jun-2023 22:28:05.535 信息 [main] org.apache.catalina.core.StandardService.startInternal 正在启动服务[Catalina]
06-Jun-2023 22:28:05.535 信息 [main] org.apache.catalina.core.StandardEngine.startInternal 正在启动 Servlet 引擎：[Apache Tomcat/10.1.9]
06-Jun-2023 22:28:05.544 信息 [main] org.apache.catalina.startup.HostConfig.deployDirectory 把web 应用程序部署到目录 [C:\Users\duaho\Downloads\apache-tomcat-10.1.9-windows-x64\apache-tomcat-10.1.9\webapps\docs]
06-Jun-2023 22:28:05.818 信息 [main] org.apache.catalina.startup.HostConfig.deployDirectory Web应用程序目录[C:\Users\duaho\Downloads\apache-tomcat-10.1.9-windows-x64\apache-tomcat-10.1.9\webapps\docs]的部署已在[271]毫秒内完成
06-Jun-2023 22:28:05.819 信息 [main] org.apache.catalina.startup.HostConfig.deployDirectory 把web 应用程序部署到目录 [C:\Users\duaho\Downloads\apache-tomcat-10.1.9-windows-x64\apache-tomcat-10.1.9\webapps\examples]
06-Jun-2023 22:28:06.092 信息 [main] org.apache.catalina.startup.HostConfig.deployDirectory Web应用程序目录[C:\Users\duaho\Downloads\apache-tomcat-10.1.9-windows-x64\apache-tomcat-10.1.9\webapps\examples]的部署已在[274]毫秒内完成
06-Jun-2023 22:28:06.092 信息 [main] org.apache.catalina.startup.HostConfig.deployDirectory 把web 应用程序部署到目录 [C:\Users\duaho\Downloads\apache-tomcat-10.1.9-windows-x64\apache-tomcat-10.1.9\webapps\host-manager]
06-Jun-2023 22:28:06.123 信息 [main] org.apache.catalina.startup.HostConfig.deployDirectory Web应用程序目录[C:\Users\duaho\Downloads\apache-tomcat-10.1.9-windows-x64\apache-tomcat-10.1.9\webapps\host-manager]的部署已在[31]毫秒内完成
06-Jun-2023 22:28:06.123 信息 [main] org.apache.catalina.startup.HostConfig.deployDirectory 把web 应用程序部署到目录 [C:\Users\duaho\Downloads\apache-tomcat-10.1.9-windows-x64\apache-tomcat-10.1.9\webapps\manager]
06-Jun-2023 22:28:06.149 信息 [main] org.apache.catalina.startup.HostConfig.deployDirectory Web应用程序目录[C:\Users\duaho\Downloads\apache-tomcat-10.1.9-windows-x64\apache-tomcat-10.1.9\webapps\manager]的部署已在[26]毫秒内完成
06-Jun-2023 22:28:06.150 信息 [main] org.apache.catalina.startup.HostConfig.deployDirectory 把web 应用程序部署到目录 [C:\Users\duaho\Downloads\apache-tomcat-10.1.9-windows-x64\apache-tomcat-10.1.9\webapps\ROOT]
06-Jun-2023 22:28:06.165 信息 [main] org.apache.catalina.startup.HostConfig.deployDirectory Web应用程序目录[C:\Users\duaho\Downloads\apache-tomcat-10.1.9-windows-x64\apache-tomcat-10.1.9\webapps\ROOT]的部署已在[15]毫秒内完成
06-Jun-2023 22:28:06.168 信息 [main] org.apache.coyote.AbstractProtocol.start 开始协议处理句柄["http-nio-8080"]
06-Jun-2023 22:28:06.205 信息 [main] org.apache.catalina.startup.Catalina.start [707]毫秒后服务器启动
06-Jun-2023 22:29:12.355 信息 [main] org.apache.catalina.startup.VersionLoggerListener.log Server.服务器版本: Apache Tomcat/10.1.9
06-Jun-2023 22:29:12.359 信息 [main] org.apache.catalina.startup.VersionLoggerListener.log 服务器构建:        May 9 2023 14:30:05 UTC
06-Jun-2023 22:29:12.359 信息 [main] org.apache.catalina.startup.VersionLoggerListener.log 服务器版本号:      10.1.9.0
06-Jun-2023 22:29:12.359 信息 [main] org.apache.catalina.startup.VersionLoggerListener.log 操作系统名称:      Windows 11
06-Jun-2023 22:29:12.359 信息 [main] org.apache.catalina.startup.VersionLoggerListener.log OS.版本:           10.0
06-Jun-2023 22:29:12.359 信息 [main] org.apache.catalina.startup.VersionLoggerListener.log 架构:              amd64
06-Jun-2023 22:29:12.359 信息 [main] org.apache.catalina.startup.VersionLoggerListener.log Java 环境变量:     C:\Program Files\Java\jdk-19
06-Jun-2023 22:29:12.360 信息 [main] org.apache.catalina.startup.VersionLoggerListener.log Java虚拟机版本:    19+36-2238
06-Jun-2023 22:29:12.360 信息 [main] org.apache.catalina.startup.VersionLoggerListener.log JVM.供应商:        Oracle Corporation
06-Jun-2023 22:29:12.360 信息 [main] org.apache.catalina.startup.VersionLoggerListener.log CATALINA_BASE:     C:\Program Files (x86)\EasyTools\apache-tomcat-10.1.9-windows-x64\apache-tomcat-10.1.9
06-Jun-2023 22:29:12.360 信息 [main] org.apache.catalina.startup.VersionLoggerListener.log CATALINA_HOME:     C:\Program Files (x86)\EasyTools\apache-tomcat-10.1.9-windows-x64\apache-tomcat-10.1.9
06-Jun-2023 22:29:12.368 信息 [main] org.apache.catalina.startup.VersionLoggerListener.log 命令行参数：       -Djava.util.logging.config.file=C:\Program Files (x86)\EasyTools\apache-tomcat-10.1.9-windows-x64\apache-tomcat-10.1.9\conf\logging.properties
06-Jun-2023 22:29:12.368 信息 [main] org.apache.catalina.startup.VersionLoggerListener.log 命令行参数：       -Djava.util.logging.manager=org.apache.juli.ClassLoaderLogManager
06-Jun-2023 22:29:12.369 信息 [main] org.apache.catalina.startup.VersionLoggerListener.log 命令行参数：       -Djdk.tls.ephemeralDHKeySize=2048
06-Jun-2023 22:29:12.369 信息 [main] org.apache.catalina.startup.VersionLoggerListener.log 命令行参数：       -Djava.protocol.handler.pkgs=org.apache.catalina.webresources
06-Jun-2023 22:29:12.369 信息 [main] org.apache.catalina.startup.VersionLoggerListener.log 命令行参数：       --add-opens=java.base/java.lang=ALL-UNNAMED
06-Jun-2023 22:29:12.369 信息 [main] org.apache.catalina.startup.VersionLoggerListener.log 命令行参数：       --add-opens=java.base/java.io=ALL-UNNAMED
06-Jun-2023 22:29:12.369 信息 [main] org.apache.catalina.startup.VersionLoggerListener.log 命令行参数：       --add-opens=java.base/java.util=ALL-UNNAMED
06-Jun-2023 22:29:12.369 信息 [main] org.apache.catalina.startup.VersionLoggerListener.log 命令行参数：       --add-opens=java.base/java.util.concurrent=ALL-UNNAMED
06-Jun-2023 22:29:12.370 信息 [main] org.apache.catalina.startup.VersionLoggerListener.log 命令行参数：       --add-opens=java.rmi/sun.rmi.transport=ALL-UNNAMED
06-Jun-2023 22:29:12.370 信息 [main] org.apache.catalina.startup.VersionLoggerListener.log 命令行参数：       -Dcatalina.base=C:\Program Files (x86)\EasyTools\apache-tomcat-10.1.9-windows-x64\apache-tomcat-10.1.9
06-Jun-2023 22:29:12.370 信息 [main] org.apache.catalina.startup.VersionLoggerListener.log 命令行参数：       -Dcatalina.home=C:\Program Files (x86)\EasyTools\apache-tomcat-10.1.9-windows-x64\apache-tomcat-10.1.9
06-Jun-2023 22:29:12.370 信息 [main] org.apache.catalina.startup.VersionLoggerListener.log 命令行参数：       -Djava.io.tmpdir=C:\Program Files (x86)\EasyTools\apache-tomcat-10.1.9-windows-x64\apache-tomcat-10.1.9\temp
06-Jun-2023 22:29:12.372 信息 [main] org.apache.catalina.core.AprLifecycleListener.lifecycleEvent 使用APR版本[1.7.2]加载了基于APR的Apache Tomcat本机库[2.0.3]。
06-Jun-2023 22:29:12.376 信息 [main] org.apache.catalina.core.AprLifecycleListener.initializeSSL OpenSSL成功初始化 [OpenSSL 3.0.8 7 Feb 2023]
06-Jun-2023 22:29:12.563 信息 [main] org.apache.coyote.AbstractProtocol.init 初始化协议处理器 ["http-nio-8080"]
06-Jun-2023 22:29:12.577 信息 [main] org.apache.catalina.startup.Catalina.load 服务器在[369]毫秒内初始化
06-Jun-2023 22:29:12.610 信息 [main] org.apache.catalina.core.StandardService.startInternal 正在启动服务[Catalina]
06-Jun-2023 22:29:12.611 信息 [main] org.apache.catalina.core.StandardEngine.startInternal 正在启动 Servlet 引擎：[Apache Tomcat/10.1.9]
06-Jun-2023 22:29:12.620 信息 [main] org.apache.catalina.startup.HostConfig.deployDirectory 把web 应用程序部署到目录 [C:\Program Files (x86)\EasyTools\apache-tomcat-10.1.9-windows-x64\apache-tomcat-10.1.9\webapps\docs]
06-Jun-2023 22:29:12.858 信息 [main] org.apache.catalina.startup.HostConfig.deployDirectory Web应用程序目录[C:\Program Files (x86)\EasyTools\apache-tomcat-10.1.9-windows-x64\apache-tomcat-10.1.9\webapps\docs]的部署已在[234]毫秒内完成
06-Jun-2023 22:29:12.858 信息 [main] org.apache.catalina.startup.HostConfig.deployDirectory 把web 应用程序部署到目录 [C:\Program Files (x86)\EasyTools\apache-tomcat-10.1.9-windows-x64\apache-tomcat-10.1.9\webapps\examples]
06-Jun-2023 22:29:13.117 信息 [main] org.apache.catalina.startup.HostConfig.deployDirectory Web应用程序目录[C:\Program Files (x86)\EasyTools\apache-tomcat-10.1.9-windows-x64\apache-tomcat-10.1.9\webapps\examples]的部署已在[259]毫秒内完成
06-Jun-2023 22:29:13.117 信息 [main] org.apache.catalina.startup.HostConfig.deployDirectory 把web 应用程序部署到目录 [C:\Program Files (x86)\EasyTools\apache-tomcat-10.1.9-windows-x64\apache-tomcat-10.1.9\webapps\host-manager]
06-Jun-2023 22:29:13.145 信息 [main] org.apache.catalina.startup.HostConfig.deployDirectory Web应用程序目录[C:\Program Files (x86)\EasyTools\apache-tomcat-10.1.9-windows-x64\apache-tomcat-10.1.9\webapps\host-manager]的部署已在[28]毫秒内完成
06-Jun-2023 22:29:13.146 信息 [main] org.apache.catalina.startup.HostConfig.deployDirectory 把web 应用程序部署到目录 [C:\Program Files (x86)\EasyTools\apache-tomcat-10.1.9-windows-x64\apache-tomcat-10.1.9\webapps\manager]
06-Jun-2023 22:29:13.173 信息 [main] org.apache.catalina.startup.HostConfig.deployDirectory Web应用程序目录[C:\Program Files (x86)\EasyTools\apache-tomcat-10.1.9-windows-x64\apache-tomcat-10.1.9\webapps\manager]的部署已在[27]毫秒内完成
06-Jun-2023 22:29:13.174 信息 [main] org.apache.catalina.startup.HostConfig.deployDirectory 把web 应用程序部署到目录 [C:\Program Files (x86)\EasyTools\apache-tomcat-10.1.9-windows-x64\apache-tomcat-10.1.9\webapps\ROOT]
06-Jun-2023 22:29:13.191 信息 [main] org.apache.catalina.startup.HostConfig.deployDirectory Web应用程序目录[C:\Program Files (x86)\EasyTools\apache-tomcat-10.1.9-windows-x64\apache-tomcat-10.1.9\webapps\ROOT]的部署已在[18]毫秒内完成
06-Jun-2023 22:29:13.193 信息 [main] org.apache.coyote.AbstractProtocol.start 开始协议处理句柄["http-nio-8080"]
06-Jun-2023 22:29:13.227 信息 [main] org.apache.catalina.startup.Catalina.start [649]毫秒后服务器启动
